Začala směna
Worker A jde péct chleba.
Worker A čeká, až se uvolní míchačka.
Worker A zapnul mixér na těsto chleba.
Worker A jde péct rohlíky.
Worker A čeká, až se uvolní míchačka.
Mixování chleba je hotovo.
Worker A zapnul mixér na těsto rohlíku.
Těsto na chleba je hotovo.
Worker A jde péct chleba.
Worker A čeká, až se uvolní míchačka.
Mixování rohlíku je hotovo.
Worker A zapnul mixér na těsto chleba.
Těsto na rohlíky je hotovo.
Worker A jde péct rohlíky.
Worker A čeká, až se uvolní míchačka.
Mixování chleba je hotovo.
Worker A zapnul mixér na těsto rohlíku.
Těsto na chleba je hotovo.
Worker A jde péct chleba.
Worker A čeká, až se uvolní míchačka.
Mixování rohlíku je hotovo.
Worker A zapnul mixér na těsto chleba.
Těsto na rohlíky je hotovo.
Worker A jde péct rohlíky.
Worker A čeká, až se uvolní míchačka.
Mixování chleba je hotovo.
Worker A zapnul mixér na těsto rohlíku.
Těsto na chleba je hotovo.
Worker A jde péct chleba.
Worker A čeká, až se uvolní míchačka.
Mixování rohlíku je hotovo.
Worker A zapnul mixér na těsto chleba.
Těsto na rohlíky je hotovo.
Worker A jde péct rohlíky.
Těsto na chleba dokynulo.
Worker A čeká, až se uvolní míchačka.
Mixování chleba je hotovo.
Worker A zapnul mixér na těsto rohlíku.
Těsto na rohlíky dokynulo.
Těsto na chleba je hotovo.
Worker A jde péct chleba.
Worker A čeká, až se uvolní míchačka.
Mixování rohlíku je hotovo.
Worker A zapnul mixér na těsto chleba.
Těsto na rohlíky je hotovo.
Worker A jde péct rohlíky.
Těsto na chleba dokynulo.
Worker A čeká, až se uvolní míchačka.
Mixování chleba je hotovo.
Worker A zapnul mixér na těsto rohlíku.
Těsto na rohlíky dokynulo.
Těsto na chleba je hotovo.
Worker A jde péct chleba.
Worker A čeká, až se uvolní míchačka.
Mixování rohlíku je hotovo.
Worker A zapnul mixér na těsto chleba.
Těsto na rohlíky je hotovo.
Worker A jde péct rohlíky.
Těsto na chleba dokynulo.
Worker A čeká, až se uvolní míchačka.
Mixování chleba je hotovo.
Worker A zapnul mixér na těsto rohlíku.
Těsto na rohlíky dokynulo.
Těsto na chleba je hotovo.
Worker A jde péct chleba.
Worker A čeká, až se uvolní míchačka.
Mixování rohlíku je hotovo.
Worker A zapnul mixér na těsto chleba.
Těsto na rohlíky je hotovo.
Worker A jde péct rohlíky.
Těsto na chleba dokynulo.
Worker A čeká, až se uvolní míchačka.
Mixování chleba je hotovo.
Worker A zapnul mixér na těsto rohlíku.
Těsto na rohlíky dokynulo.
Těsto na chleba je hotovo.
Worker A jde péct chleba.
Worker A čeká, až se uvolní míchačka.
Mixování rohlíku je hotovo.
Worker A zapnul mixér na těsto chleba.
Těsto na rohlíky je hotovo.
Worker A jde péct rohlíky.
Těsto na chleba dokynulo.
Worker A čeká, až se uvolní míchačka.
Mixování chleba je hotovo.
Worker A zapnul mixér na těsto rohlíku.
Těsto na rohlíky dokynulo.
Těsto na chleba je hotovo.
Worker A jde péct chleba.
Worker A čeká, až se uvolní míchačka.
Mixování rohlíku je hotovo.
Worker A zapnul mixér na těsto chleba.
Těsto na rohlíky je hotovo.
Worker A jde péct rohlíky.
Těsto na chleba dokynulo.
Worker A čeká, až se uvolní míchačka.
Mixování chleba je hotovo.
Worker A zapnul mixér na těsto rohlíku.
Těsto na rohlíky dokynulo.
Těsto na chleba je hotovo.
Worker A jde péct chleba.
Worker A čeká, až se uvolní míchačka.
Mixování rohlíku je hotovo.
Worker A zapnul mixér na těsto chleba.
Těsto na rohlíky je hotovo.
Worker A jde péct rohlíky.
Těsto na chleba dokynulo.
Worker A čeká, až se uvolní míchačka.
Mixování chleba je hotovo.
Worker A zapnul mixér na těsto rohlíku.
Těsto na rohlíky dokynulo.
Těsto na chleba je hotovo.
Worker A jde péct chleba.
Worker A čeká, až se uvolní míchačka.
Mixování rohlíku je hotovo.
Worker A zapnul mixér na těsto chleba.
Těsto na rohlíky je hotovo.
Worker A jde péct rohlíky.
Těsto na chleba dokynulo.
Worker A čeká, až se uvolní míchačka.
Mixování chleba je hotovo.
Worker A zapnul mixér na těsto rohlíku.
Těsto na rohlíky dokynulo.
Těsto na chleba je hotovo.
Worker A jde péct chleba.
Worker A čeká, až se uvolní míchačka.
Mixování rohlíku je hotovo.
Worker A zapnul mixér na těsto chleba.
Těsto na rohlíky je hotovo.
Worker A jde péct rohlíky.
Těsto na chleba dokynulo.
Worker A čeká, až se uvolní míchačka.
Mixování chleba je hotovo.
Worker A zapnul mixér na těsto rohlíku.
Těsto na rohlíky dokynulo.
Těsto na chleba je hotovo.
Worker A jde péct chleba.
Worker A čeká, až se uvolní míchačka.
Mixování rohlíku je hotovo.
Worker A zapnul mixér na těsto chleba.
Těsto na rohlíky je hotovo.
Worker A jde péct rohlíky.
Těsto na chleba dokynulo.
Worker A čeká, až se uvolní míchačka.
Mixování chleba je hotovo.
Worker A zapnul mixér na těsto rohlíku.
Těsto na rohlíky dokynulo.
Těsto na chleba je hotovo.
Worker A jde péct chleba.
Worker A čeká, až se uvolní míchačka.
Mixování rohlíku je hotovo.
Worker A zapnul mixér na těsto chleba.
Těsto na rohlíky je hotovo.
Worker A jde péct rohlíky.
Těsto na chleba dokynulo.
Worker A čeká, až se uvolní míchačka.
Mixování chleba je hotovo.
Worker A zapnul mixér na těsto rohlíku.
Těsto na rohlíky dokynulo.
Těsto na chleba je hotovo.
Worker A jde péct chleba.
Worker A čeká, až se uvolní míchačka.
Mixování rohlíku je hotovo.
Worker A zapnul mixér na těsto chleba.
Těsto na rohlíky je hotovo.
Worker A jde péct rohlíky.
Těsto na chleba dokynulo.
Worker A čeká, až se uvolní míchačka.
Mixování chleba je hotovo.
Worker A zapnul mixér na těsto rohlíku.
Těsto na rohlíky dokynulo.
Těsto na chleba je hotovo.
Worker A jde péct chleba.
Worker A čeká, až se uvolní míchačka.
Mixování rohlíku je hotovo.
Worker A zapnul mixér na těsto chleba.
Těsto na rohlíky je hotovo.
Worker A jde péct rohlíky.
Těsto na chleba dokynulo.
Worker A čeká, až se uvolní míchačka.
Mixování chleba je hotovo.
Worker A zapnul mixér na těsto rohlíku.
Těsto na rohlíky dokynulo.
Těsto na chleba je hotovo.
Worker A jde péct chleba.
Worker A čeká, až se uvolní míchačka.
Mixování rohlíku je hotovo.
Worker A zapnul mixér na těsto chleba.
Těsto na rohlíky je hotovo.
Worker A jde péct rohlíky.
Těsto na chleba dokynulo.
Worker A čeká, až se uvolní míchačka.
Mixování chleba je hotovo.
Worker A zapnul mixér na těsto rohlíku.
Těsto na rohlíky dokynulo.
Těsto na chleba je hotovo.
Worker A jde péct chleba.
Worker A čeká, až se uvolní míchačka.
Mixování rohlíku je hotovo.
Worker A zapnul mixér na těsto chleba.
Těsto na rohlíky je hotovo.
Worker A jde péct rohlíky.
Těsto na chleba dokynulo.
Worker A čeká, až se uvolní míchačka.
Mixování chleba je hotovo.
Worker A zapnul mixér na těsto rohlíku.
Těsto na rohlíky dokynulo.
Těsto na chleba je hotovo.
Worker A jde péct chleba.
Worker A čeká, až se uvolní míchačka.
Mixování rohlíku je hotovo.
Worker A zapnul mixér na těsto chleba.
Těsto na rohlíky je hotovo.
Worker A jde péct rohlíky.
Těsto na chleba dokynulo.
Worker A čeká, až se uvolní míchačka.
Mixování chleba je hotovo.
Worker A zapnul mixér na těsto rohlíku.
Těsto na rohlíky dokynulo.
Těsto na chleba je hotovo.
Worker A jde péct chleba.
Worker A čeká, až se uvolní míchačka.
Mixování rohlíku je hotovo.
Worker A zapnul mixér na těsto chleba.
Těsto na rohlíky je hotovo.
Worker A jde péct rohlíky.
Těsto na chleba dokynulo.
Worker A čeká, až se uvolní míchačka.
Mixování chleba je hotovo.
Worker A zapnul mixér na těsto rohlíku.
Těsto na rohlíky dokynulo.
Těsto na chleba je hotovo.
Worker A jde péct chleba.
Worker A čeká, až se uvolní míchačka.
Mixování rohlíku je hotovo.
Worker A zapnul mixér na těsto chleba.
Těsto na rohlíky je hotovo.
Worker A jde péct rohlíky.
Těsto na chleba dokynulo.
Worker A čeká, až se uvolní míchačka.
Mixování chleba je hotovo.
Worker A zapnul mixér na těsto rohlíku.
Těsto na rohlíky dokynulo.
Těsto na chleba je hotovo.
Worker A jde péct chleba.
Worker A čeká, až se uvolní míchačka.
Mixování rohlíku je hotovo.
Worker A zapnul mixér na těsto chleba.
Těsto na rohlíky je hotovo.
Worker A jde péct rohlíky.
Těsto na chleba dokynulo.
Worker A čeká, až se uvolní míchačka.
Mixování chleba je hotovo.
Worker A zapnul mixér na těsto rohlíku.
Těsto na rohlíky dokynulo.
Těsto na chleba je hotovo.
Worker A jde péct chleba.
Worker A čeká, až se uvolní míchačka.
Mixování rohlíku je hotovo.
Worker A zapnul mixér na těsto chleba.
Těsto na rohlíky je hotovo.
Worker A jde péct rohlíky.
Těsto na chleba dokynulo.
Worker A čeká, až se uvolní míchačka.
Mixování chleba je hotovo.
Worker A zapnul mixér na těsto rohlíku.
Těsto na rohlíky dokynulo.
Těsto na chleba je hotovo.
Worker A jde péct chleba.
Worker A čeká, až se uvolní míchačka.
Mixování rohlíku je hotovo.
Worker A zapnul mixér na těsto chleba.
Těsto na rohlíky je hotovo.
Worker A jde péct rohlíky.
Těsto na chleba dokynulo.
Worker A čeká, až se uvolní míchačka.
Mixování chleba je hotovo.
Worker A zapnul mixér na těsto rohlíku.
Těsto na rohlíky dokynulo.
Těsto na chleba je hotovo.
Worker A jde péct chleba.
Worker A čeká, až se uvolní míchačka.
Mixování rohlíku je hotovo.
Worker A zapnul mixér na těsto chleba.
Těsto na rohlíky je hotovo.
Worker A jde péct rohlíky.
Těsto na chleba dokynulo.
Worker A čeká, až se uvolní míchačka.
Mixování chleba je hotovo.
Worker A zapnul mixér na těsto rohlíku.
Těsto na rohlíky dokynulo.
Těsto na chleba je hotovo.
Worker A jde péct chleba.
Worker A čeká, až se uvolní míchačka.
Mixování rohlíku je hotovo.
Worker A zapnul mixér na těsto chleba.
Těsto na rohlíky je hotovo.
Worker A jde péct rohlíky.
Těsto na chleba dokynulo.
Worker A čeká, až se uvolní míchačka.
Mixování chleba je hotovo.
Worker A zapnul mixér na těsto rohlíku.
Těsto na rohlíky dokynulo.
Těsto na chleba je hotovo.
Worker A jde péct chleba.
Worker A čeká, až se uvolní míchačka.
Mixování rohlíku je hotovo.
Worker A zapnul mixér na těsto chleba.
Těsto na rohlíky je hotovo.
Worker A jde péct rohlíky.
Těsto na chleba dokynulo.
Worker A čeká, až se uvolní míchačka.
Zaměstnanci A skončila směna
Mixování chleba je hotovo.
Worker A zapnul mixér na těsto rohlíku.
Těsto na rohlíky dokynulo.
Těsto na chleba je hotovo.
Worker A ukončil směnu.
Mixování rohlíku je hotovo.
Těsto na chleba dokynulo.
Těsto na rohlíky dokynulo.
Těsto na chleba dokynulo.
Těsto na rohlíky dokynulo.
Těsto na chleba dokynulo.
Zaměstnanci B skončila směna
